2021-03-16 22:39:23.275  INFO 17236 --- [restartedMain] com.pal.ToureasyServerApplication        : Starting ToureasyServerApplication using Java 14.0.2 on LAPTOP-93AG26O2 with PID 17236 (D:\java_applications\toureasy_application\toureasy-server\target\classes started by sitab in D:\java_applications\toureasy_application\toureasy-server)
2021-03-16 22:39:23.287  INFO 17236 --- [restartedMain] com.pal.ToureasyServerApplication        : No active profile set, falling back to default profiles: default
2021-03-16 22:39:23.371  INFO 17236 --- [restartedMain] .e.DevToolsPropertyDefaultsPostProcessor : Devtools property defaults active! Set 'spring.devtools.add-properties' to 'false' to disable
2021-03-16 22:39:23.371  INFO 17236 --- [restartedMain] .e.DevToolsPropertyDefaultsPostProcessor : For additional web related logging consider setting the 'logging.level.web' property to 'DEBUG'
2021-03-16 22:39:24.218  INFO 17236 --- [restartedMain] .s.d.r.c.RepositoryConfigurationDelegate : Bootstrapping Spring Data JPA repositories in DEFAULT mode.
2021-03-16 22:39:24.281  INFO 17236 --- [restartedMain] .s.d.r.c.RepositoryConfigurationDelegate : Finished Spring Data repository scanning in 54 ms. Found 5 JPA repository interfaces.
2021-03-16 22:39:24.781  INFO 17236 --- [restartedMain] o.s.b.w.embedded.tomcat.TomcatWebServer  : Tomcat initialized with port(s): 8000 (http)
2021-03-16 22:39:24.781  INFO 17236 --- [restartedMain] o.apache.catalina.core.StandardService   : Starting service [Tomcat]
2021-03-16 22:39:24.781  INFO 17236 --- [restartedMain] org.apache.catalina.core.StandardEngine  : Starting Servlet engine: [Apache Tomcat/9.0.43]
2021-03-16 22:39:24.890  INFO 17236 --- [restartedMain] o.a.c.c.C.[.[.[/Wanderlust_Server]       : Initializing Spring embedded WebApplicationContext
2021-03-16 22:39:24.890  INFO 17236 --- [restartedMain] w.s.c.ServletWebServerApplicationContext : Root WebApplicationContext: initialization completed in 1504 ms
2021-03-16 22:39:25.038  INFO 17236 --- [restartedMain] o.hibernate.jpa.internal.util.LogHelper  : HHH000204: Processing PersistenceUnitInfo [name: default]
2021-03-16 22:39:25.085  INFO 17236 --- [restartedMain] org.hibernate.Version                    : HHH000412: Hibernate ORM core version 5.4.28.Final
2021-03-16 22:39:25.210  INFO 17236 --- [restartedMain] o.hibernate.annotations.common.Version   : HCANN000001: Hibernate Commons Annotations {5.1.2.Final}
2021-03-16 22:39:25.304  INFO 17236 --- [restartedMain] com.zaxxer.hikari.HikariDataSource       : HikariPool-1 - Starting...
2021-03-16 22:39:25.710  INFO 17236 --- [restartedMain] com.zaxxer.hikari.HikariDataSource       : HikariPool-1 - Start completed.
2021-03-16 22:39:25.741  INFO 17236 --- [restartedMain] org.hibernate.dialect.Dialect            : HHH000400: Using dialect: org.hibernate.dialect.MySQL8Dialect
2021-03-16 22:39:26.523  INFO 17236 --- [restartedMain] o.h.e.t.j.p.i.JtaPlatformInitiator       : HHH000490: Using JtaPlatform implementation: [org.hibernate.engine.transaction.jta.platform.internal.NoJtaPlatform]
2021-03-16 22:39:26.538  INFO 17236 --- [restartedMain] j.LocalContainerEntityManagerFactoryBean : Initialized JPA EntityManagerFactory for persistence unit 'default'
2021-03-16 22:39:26.554  INFO 17236 --- [restartedMain] o.s.b.d.a.OptionalLiveReloadServer       : LiveReload server is running on port 35729
2021-03-16 22:39:26.991  WARN 17236 --- [restartedMain] JpaBaseConfiguration$JpaWebConfiguration : spring.jpa.open-in-view is enabled by default. Therefore, database queries may be performed during view rendering. Explicitly configure spring.jpa.open-in-view to disable this warning
2021-03-16 22:39:27.085  INFO 17236 --- [restartedMain] o.s.s.concurrent.ThreadPoolTaskExecutor  : Initializing ExecutorService 'applicationTaskExecutor'
2021-03-16 22:39:27.304  INFO 17236 --- [restartedMain] o.s.b.w.embedded.tomcat.TomcatWebServer  : Tomcat started on port(s): 8000 (http) with context path '/Wanderlust_Server'
2021-03-16 22:39:27.304  INFO 17236 --- [restartedMain] com.pal.ToureasyServerApplication        : Started ToureasyServerApplication in 4.806 seconds (JVM running for 6.479)
2021-03-16 22:40:51.304  INFO 17236 --- [http-nio-8000-exec-2] o.a.c.c.C.[.[.[/Wanderlust_Server]       : Initializing Spring DispatcherServlet 'dispatcherServlet'
2021-03-16 22:40:51.304  INFO 17236 --- [http-nio-8000-exec-2] o.s.web.servlet.DispatcherServlet        : Initializing Servlet 'dispatcherServlet'
2021-03-16 22:40:51.304  INFO 17236 --- [http-nio-8000-exec-2] o.s.web.servlet.DispatcherServlet        : Completed initialization in 0 ms
2021-03-16 22:42:58.649  INFO 19776 --- [restartedMain] com.pal.ToureasyServerApplication        : Starting ToureasyServerApplication using Java 14.0.2 on LAPTOP-93AG26O2 with PID 19776 (D:\java_applications\toureasy_application\toureasy-server\target\classes started by sitab in D:\java_applications\toureasy_application\toureasy-server)
2021-03-16 22:42:58.649  INFO 19776 --- [restartedMain] com.pal.ToureasyServerApplication        : No active profile set, falling back to default profiles: default
2021-03-16 22:42:58.720  INFO 19776 --- [restartedMain] .e.DevToolsPropertyDefaultsPostProcessor : Devtools property defaults active! Set 'spring.devtools.add-properties' to 'false' to disable
2021-03-16 22:42:58.720  INFO 19776 --- [restartedMain] .e.DevToolsPropertyDefaultsPostProcessor : For additional web related logging consider setting the 'logging.level.web' property to 'DEBUG'
2021-03-16 22:42:59.737  INFO 19776 --- [restartedMain] .s.d.r.c.RepositoryConfigurationDelegate : Bootstrapping Spring Data JPA repositories in DEFAULT mode.
2021-03-16 22:42:59.809  INFO 19776 --- [restartedMain] .s.d.r.c.RepositoryConfigurationDelegate : Finished Spring Data repository scanning in 64 ms. Found 5 JPA repository interfaces.
2021-03-16 22:43:00.305  INFO 19776 --- [restartedMain] o.s.b.w.embedded.tomcat.TomcatWebServer  : Tomcat initialized with port(s): 8000 (http)
2021-03-16 22:43:00.305  INFO 19776 --- [restartedMain] o.apache.catalina.core.StandardService   : Starting service [Tomcat]
2021-03-16 22:43:00.305  INFO 19776 --- [restartedMain] org.apache.catalina.core.StandardEngine  : Starting Servlet engine: [Apache Tomcat/9.0.43]
2021-03-16 22:43:00.402  INFO 19776 --- [restartedMain] o.a.c.c.C.[.[.[/Wanderlust_Server]       : Initializing Spring embedded WebApplicationContext
2021-03-16 22:43:00.402  INFO 19776 --- [restartedMain] w.s.c.ServletWebServerApplicationContext : Root WebApplicationContext: initialization completed in 1674 ms
2021-03-16 22:43:00.515  INFO 19776 --- [restartedMain] o.hibernate.jpa.internal.util.LogHelper  : HHH000204: Processing PersistenceUnitInfo [name: default]
2021-03-16 22:43:00.575  INFO 19776 --- [restartedMain] org.hibernate.Version                    : HHH000412: Hibernate ORM core version 5.4.28.Final
2021-03-16 22:43:00.663  INFO 19776 --- [restartedMain] o.hibernate.annotations.common.Version   : HCANN000001: Hibernate Commons Annotations {5.1.2.Final}
2021-03-16 22:43:00.729  INFO 19776 --- [restartedMain] com.zaxxer.hikari.HikariDataSource       : HikariPool-1 - Starting...
2021-03-16 22:43:01.005  INFO 19776 --- [restartedMain] com.zaxxer.hikari.HikariDataSource       : HikariPool-1 - Start completed.
2021-03-16 22:43:01.021  INFO 19776 --- [restartedMain] org.hibernate.dialect.Dialect            : HHH000400: Using dialect: org.hibernate.dialect.MySQL8Dialect
2021-03-16 22:43:01.654  INFO 19776 --- [restartedMain] o.h.e.t.j.p.i.JtaPlatformInitiator       : HHH000490: Using JtaPlatform implementation: [org.hibernate.engine.transaction.jta.platform.internal.NoJtaPlatform]
2021-03-16 22:43:01.670  INFO 19776 --- [restartedMain] j.LocalContainerEntityManagerFactoryBean : Initialized JPA EntityManagerFactory for persistence unit 'default'
2021-03-16 22:43:01.694  INFO 19776 --- [restartedMain] o.s.b.d.a.OptionalLiveReloadServer       : LiveReload server is running on port 35729
2021-03-16 22:43:02.095  WARN 19776 --- [restartedMain] JpaBaseConfiguration$JpaWebConfiguration : spring.jpa.open-in-view is enabled by default. Therefore, database queries may be performed during view rendering. Explicitly configure spring.jpa.open-in-view to disable this warning
2021-03-16 22:43:02.183  INFO 19776 --- [restartedMain] o.s.s.concurrent.ThreadPoolTaskExecutor  : Initializing ExecutorService 'applicationTaskExecutor'
2021-03-16 22:43:02.383  INFO 19776 --- [restartedMain] o.s.b.w.embedded.tomcat.TomcatWebServer  : Tomcat started on port(s): 8000 (http) with context path '/Wanderlust_Server'
2021-03-16 22:43:02.391  INFO 19776 --- [restartedMain] com.pal.ToureasyServerApplication        : Started ToureasyServerApplication in 4.258 seconds (JVM running for 5.474)
2021-03-16 22:43:08.288  INFO 19776 --- [http-nio-8000-exec-2] o.a.c.c.C.[.[.[/Wanderlust_Server]       : Initializing Spring DispatcherServlet 'dispatcherServlet'
2021-03-16 22:43:08.288  INFO 19776 --- [http-nio-8000-exec-2] o.s.web.servlet.DispatcherServlet        : Initializing Servlet 'dispatcherServlet'
2021-03-16 22:43:08.292  INFO 19776 --- [http-nio-8000-exec-2] o.s.web.servlet.DispatcherServlet        : Completed initialization in 4 ms
2021-03-16 22:54:14.158  INFO 18216 --- [restartedMain] com.pal.ToureasyServerApplication        : Starting ToureasyServerApplication using Java 14.0.2 on LAPTOP-93AG26O2 with PID 18216 (D:\java_applications\toureasy_application\toureasy-server\target\classes started by sitab in D:\java_applications\toureasy_application\toureasy-server)
2021-03-16 22:54:14.159  INFO 18216 --- [restartedMain] com.pal.ToureasyServerApplication        : No active profile set, falling back to default profiles: default
2021-03-16 22:54:14.242  INFO 18216 --- [restartedMain] .e.DevToolsPropertyDefaultsPostProcessor : Devtools property defaults active! Set 'spring.devtools.add-properties' to 'false' to disable
2021-03-16 22:54:14.242  INFO 18216 --- [restartedMain] .e.DevToolsPropertyDefaultsPostProcessor : For additional web related logging consider setting the 'logging.level.web' property to 'DEBUG'
2021-03-16 22:54:15.042  INFO 18216 --- [restartedMain] .s.d.r.c.RepositoryConfigurationDelegate : Bootstrapping Spring Data JPA repositories in DEFAULT mode.
2021-03-16 22:54:15.089  INFO 18216 --- [restartedMain] .s.d.r.c.RepositoryConfigurationDelegate : Finished Spring Data repository scanning in 49 ms. Found 5 JPA repository interfaces.
2021-03-16 22:54:15.581  INFO 18216 --- [restartedMain] o.s.b.w.embedded.tomcat.TomcatWebServer  : Tomcat initialized with port(s): 8000 (http)
2021-03-16 22:54:15.581  INFO 18216 --- [restartedMain] o.apache.catalina.core.StandardService   : Starting service [Tomcat]
2021-03-16 22:54:15.581  INFO 18216 --- [restartedMain] org.apache.catalina.core.StandardEngine  : Starting Servlet engine: [Apache Tomcat/9.0.43]
2021-03-16 22:54:15.675  INFO 18216 --- [restartedMain] o.a.c.c.C.[.[.[/Wanderlust_Server]       : Initializing Spring embedded WebApplicationContext
2021-03-16 22:54:15.675  INFO 18216 --- [restartedMain] w.s.c.ServletWebServerApplicationContext : Root WebApplicationContext: initialization completed in 1433 ms
2021-03-16 22:54:15.786  INFO 18216 --- [restartedMain] o.hibernate.jpa.internal.util.LogHelper  : HHH000204: Processing PersistenceUnitInfo [name: default]
2021-03-16 22:54:15.818  INFO 18216 --- [restartedMain] org.hibernate.Version                    : HHH000412: Hibernate ORM core version 5.4.28.Final
2021-03-16 22:54:15.911  INFO 18216 --- [restartedMain] o.hibernate.annotations.common.Version   : HCANN000001: Hibernate Commons Annotations {5.1.2.Final}
2021-03-16 22:54:15.990  INFO 18216 --- [restartedMain] com.zaxxer.hikari.HikariDataSource       : HikariPool-1 - Starting...
2021-03-16 22:54:16.257  INFO 18216 --- [restartedMain] com.zaxxer.hikari.HikariDataSource       : HikariPool-1 - Start completed.
2021-03-16 22:54:16.272  INFO 18216 --- [restartedMain] org.hibernate.dialect.Dialect            : HHH000400: Using dialect: org.hibernate.dialect.MySQL8Dialect
2021-03-16 22:54:16.919  INFO 18216 --- [restartedMain] o.h.e.t.j.p.i.JtaPlatformInitiator       : HHH000490: Using JtaPlatform implementation: [org.hibernate.engine.transaction.jta.platform.internal.NoJtaPlatform]
2021-03-16 22:54:16.919  INFO 18216 --- [restartedMain] j.LocalContainerEntityManagerFactoryBean : Initialized JPA EntityManagerFactory for persistence unit 'default'
2021-03-16 22:54:16.950  INFO 18216 --- [restartedMain] o.s.b.d.a.OptionalLiveReloadServer       : LiveReload server is running on port 35729
2021-03-16 22:54:17.373  WARN 18216 --- [restartedMain] JpaBaseConfiguration$JpaWebConfiguration : spring.jpa.open-in-view is enabled by default. Therefore, database queries may be performed during view rendering. Explicitly configure spring.jpa.open-in-view to disable this warning
2021-03-16 22:54:17.467  INFO 18216 --- [restartedMain] o.s.s.concurrent.ThreadPoolTaskExecutor  : Initializing ExecutorService 'applicationTaskExecutor'
2021-03-16 22:54:17.639  INFO 18216 --- [restartedMain] o.s.b.w.embedded.tomcat.TomcatWebServer  : Tomcat started on port(s): 8000 (http) with context path '/Wanderlust_Server'
2021-03-16 22:54:17.654  INFO 18216 --- [restartedMain] com.pal.ToureasyServerApplication        : Started ToureasyServerApplication in 4.027 seconds (JVM running for 5.492)
2021-03-16 22:54:32.016  INFO 18216 --- [http-nio-8000-exec-2] o.a.c.c.C.[.[.[/Wanderlust_Server]       : Initializing Spring DispatcherServlet 'dispatcherServlet'
2021-03-16 22:54:32.016  INFO 18216 --- [http-nio-8000-exec-2] o.s.web.servlet.DispatcherServlet        : Initializing Servlet 'dispatcherServlet'
2021-03-16 22:54:32.016  INFO 18216 --- [http-nio-8000-exec-2] o.s.web.servlet.DispatcherServlet        : Completed initialization in 0 ms
2021-03-16 22:57:50.215  INFO 20396 --- [restartedMain] com.pal.ToureasyServerApplication        : Starting ToureasyServerApplication using Java 14.0.2 on LAPTOP-93AG26O2 with PID 20396 (D:\java_applications\toureasy_application\toureasy-server\target\classes started by sitab in D:\java_applications\toureasy_application\toureasy-server)
2021-03-16 22:57:50.231  INFO 20396 --- [restartedMain] com.pal.ToureasyServerApplication        : No active profile set, falling back to default profiles: default
2021-03-16 22:57:50.281  INFO 20396 --- [restartedMain] .e.DevToolsPropertyDefaultsPostProcessor : Devtools property defaults active! Set 'spring.devtools.add-properties' to 'false' to disable
2021-03-16 22:57:50.281  INFO 20396 --- [restartedMain] .e.DevToolsPropertyDefaultsPostProcessor : For additional web related logging consider setting the 'logging.level.web' property to 'DEBUG'
2021-03-16 22:57:51.130  INFO 20396 --- [restartedMain] .s.d.r.c.RepositoryConfigurationDelegate : Bootstrapping Spring Data JPA repositories in DEFAULT mode.
2021-03-16 22:57:51.209  INFO 20396 --- [restartedMain] .s.d.r.c.RepositoryConfigurationDelegate : Finished Spring Data repository scanning in 66 ms. Found 5 JPA repository interfaces.
2021-03-16 22:57:51.727  INFO 20396 --- [restartedMain] o.s.b.w.embedded.tomcat.TomcatWebServer  : Tomcat initialized with port(s): 8000 (http)
2021-03-16 22:57:51.727  INFO 20396 --- [restartedMain] o.apache.catalina.core.StandardService   : Starting service [Tomcat]
2021-03-16 22:57:51.727  INFO 20396 --- [restartedMain] org.apache.catalina.core.StandardEngine  : Starting Servlet engine: [Apache Tomcat/9.0.43]
2021-03-16 22:57:51.820  INFO 20396 --- [restartedMain] o.a.c.c.C.[.[.[/Wanderlust_Server]       : Initializing Spring embedded WebApplicationContext
2021-03-16 22:57:51.820  INFO 20396 --- [restartedMain] w.s.c.ServletWebServerApplicationContext : Root WebApplicationContext: initialization completed in 1539 ms
2021-03-16 22:57:51.915  INFO 20396 --- [restartedMain] o.hibernate.jpa.internal.util.LogHelper  : HHH000204: Processing PersistenceUnitInfo [name: default]
2021-03-16 22:57:51.962  INFO 20396 --- [restartedMain] org.hibernate.Version                    : HHH000412: Hibernate ORM core version 5.4.28.Final
2021-03-16 22:57:52.056  INFO 20396 --- [restartedMain] o.hibernate.annotations.common.Version   : HCANN000001: Hibernate Commons Annotations {5.1.2.Final}
2021-03-16 22:57:52.134  INFO 20396 --- [restartedMain] com.zaxxer.hikari.HikariDataSource       : HikariPool-1 - Starting...
2021-03-16 22:57:52.432  INFO 20396 --- [restartedMain] com.zaxxer.hikari.HikariDataSource       : HikariPool-1 - Start completed.
2021-03-16 22:57:52.448  INFO 20396 --- [restartedMain] org.hibernate.dialect.Dialect            : HHH000400: Using dialect: org.hibernate.dialect.MySQL8Dialect
2021-03-16 22:57:53.259  INFO 20396 --- [restartedMain] o.h.e.t.j.p.i.JtaPlatformInitiator       : HHH000490: Using JtaPlatform implementation: [org.hibernate.engine.transaction.jta.platform.internal.NoJtaPlatform]
2021-03-16 22:57:53.274  INFO 20396 --- [restartedMain] j.LocalContainerEntityManagerFactoryBean : Initialized JPA EntityManagerFactory for persistence unit 'default'
2021-03-16 22:57:53.305  INFO 20396 --- [restartedMain] o.s.b.d.a.OptionalLiveReloadServer       : LiveReload server is running on port 35729
2021-03-16 22:57:53.697  WARN 20396 --- [restartedMain] JpaBaseConfiguration$JpaWebConfiguration : spring.jpa.open-in-view is enabled by default. Therefore, database queries may be performed during view rendering. Explicitly configure spring.jpa.open-in-view to disable this warning
2021-03-16 22:57:53.791  INFO 20396 --- [restartedMain] o.s.s.concurrent.ThreadPoolTaskExecutor  : Initializing ExecutorService 'applicationTaskExecutor'
2021-03-16 22:57:53.987  INFO 20396 --- [restartedMain] o.s.b.w.embedded.tomcat.TomcatWebServer  : Tomcat started on port(s): 8000 (http) with context path '/Wanderlust_Server'
2021-03-16 22:57:54.002  INFO 20396 --- [restartedMain] com.pal.ToureasyServerApplication        : Started ToureasyServerApplication in 4.29 seconds (JVM running for 5.38)
2021-03-16 22:58:03.734  INFO 20396 --- [http-nio-8000-exec-2] o.a.c.c.C.[.[.[/Wanderlust_Server]       : Initializing Spring DispatcherServlet 'dispatcherServlet'
2021-03-16 22:58:03.734  INFO 20396 --- [http-nio-8000-exec-2] o.s.web.servlet.DispatcherServlet        : Initializing Servlet 'dispatcherServlet'
2021-03-16 22:58:03.738  INFO 20396 --- [http-nio-8000-exec-2] o.s.web.servlet.DispatcherServlet        : Completed initialization in 0 ms
2021-03-16 22:58:04.021 ERROR 20396 --- [http-nio-8000-exec-2] o.a.c.c.C.[.[.[.[dispatcherServlet]      : Servlet.service() for servlet [dispatcherServlet] in context with path [/Wanderlust_Server] threw exception [Request processing failed; nested exception is org.springframework.transaction.TransactionSystemException: Could not commit JPA transaction; nested exception is javax.persistence.RollbackException: Error while committing the transaction] with root cause

java.lang.NullPointerException: null
	at org.hibernate.type.LongType.next(LongType.java:62) ~[hibernate-core-5.4.28.Final.jar:5.4.28.Final]
	at org.hibernate.type.LongType.next(LongType.java:23) ~[hibernate-core-5.4.28.Final.jar:5.4.28.Final]
	at org.hibernate.engine.internal.Versioning.increment(Versioning.java:92) ~[hibernate-core-5.4.28.Final.jar:5.4.28.Final]
	at org.hibernate.event.internal.DefaultFlushEntityEventListener.getNextVersion(DefaultFlushEntityEventListener.java:427) ~[hibernate-core-5.4.28.Final.jar:5.4.28.Final]
	at org.hibernate.event.internal.DefaultFlushEntityEventListener.scheduleUpdate(DefaultFlushEntityEventListener.java:304) ~[hibernate-core-5.4.28.Final.jar:5.4.28.Final]
	at org.hibernate.event.internal.DefaultFlushEntityEventListener.onFlushEntity(DefaultFlushEntityEventListener.java:172) ~[hibernate-core-5.4.28.Final.jar:5.4.28.Final]
	at org.hibernate.event.service.internal.EventListenerGroupImpl.fireEventOnEachListener(EventListenerGroupImpl.java:93) ~[hibernate-core-5.4.28.Final.jar:5.4.28.Final]
	at org.hibernate.event.internal.AbstractFlushingEventListener.flushEntities(AbstractFlushingEventListener.java:230) ~[hibernate-core-5.4.28.Final.jar:5.4.28.Final]
	at org.hibernate.event.internal.AbstractFlushingEventListener.flushEverythingToExecutions(AbstractFlushingEventListener.java:93) ~[hibernate-core-5.4.28.Final.jar:5.4.28.Final]
	at org.hibernate.event.internal.DefaultFlushEventListener.onFlush(DefaultFlushEventListener.java:39) ~[hibernate-core-5.4.28.Final.jar:5.4.28.Final]
	at org.hibernate.event.service.internal.EventListenerGroupImpl.fireEventOnEachListener(EventListenerGroupImpl.java:93) ~[hibernate-core-5.4.28.Final.jar:5.4.28.Final]
	at org.hibernate.internal.SessionImpl.doFlush(SessionImpl.java:1362) ~[hibernate-core-5.4.28.Final.jar:5.4.28.Final]
	at org.hibernate.internal.SessionImpl.managedFlush(SessionImpl.java:453) ~[hibernate-core-5.4.28.Final.jar:5.4.28.Final]
	at org.hibernate.internal.SessionImpl.flushBeforeTransactionCompletion(SessionImpl.java:3212) ~[hibernate-core-5.4.28.Final.jar:5.4.28.Final]
	at org.hibernate.internal.SessionImpl.beforeTransactionCompletion(SessionImpl.java:2380) ~[hibernate-core-5.4.28.Final.jar:5.4.28.Final]
	at org.hibernate.engine.jdbc.internal.JdbcCoordinatorImpl.beforeTransactionCompletion(JdbcCoordinatorImpl.java:447) ~[hibernate-core-5.4.28.Final.jar:5.4.28.Final]
	at org.hibernate.resource.transaction.backend.jdbc.internal.JdbcResourceLocalTransactionCoordinatorImpl.beforeCompletionCallback(JdbcResourceLocalTransactionCoordinatorImpl.java:183) ~[hibernate-core-5.4.28.Final.jar:5.4.28.Final]
	at org.hibernate.resource.transaction.backend.jdbc.internal.JdbcResourceLocalTransactionCoordinatorImpl.access$300(JdbcResourceLocalTransactionCoordinatorImpl.java:40) ~[hibernate-core-5.4.28.Final.jar:5.4.28.Final]
	at org.hibernate.resource.transaction.backend.jdbc.internal.JdbcResourceLocalTransactionCoordinatorImpl$TransactionDriverControlImpl.commit(JdbcResourceLocalTransactionCoordinatorImpl.java:281) ~[hibernate-core-5.4.28.Final.jar:5.4.28.Final]
	at org.hibernate.engine.transaction.internal.TransactionImpl.commit(TransactionImpl.java:101) ~[hibernate-core-5.4.28.Final.jar:5.4.28.Final]
	at org.springframework.orm.jpa.JpaTransactionManager.doCommit(JpaTransactionManager.java:562) ~[spring-orm-5.3.4.jar:5.3.4]
	at org.springframework.transaction.support.AbstractPlatformTransactionManager.processCommit(AbstractPlatformTransactionManager.java:743) ~[spring-tx-5.3.4.jar:5.3.4]
	at org.springframework.transaction.support.AbstractPlatformTransactionManager.commit(AbstractPlatformTransactionManager.java:711) ~[spring-tx-5.3.4.jar:5.3.4]
	at org.springframework.transaction.interceptor.TransactionAspectSupport.commitTransactionAfterReturning(TransactionAspectSupport.java:654) ~[spring-tx-5.3.4.jar:5.3.4]
	at org.springframework.transaction.interceptor.TransactionAspectSupport.invokeWithinTransaction(TransactionAspectSupport.java:407) ~[spring-tx-5.3.4.jar:5.3.4]
	at org.springframework.transaction.interceptor.TransactionInterceptor.invoke(TransactionInterceptor.java:119) ~[spring-tx-5.3.4.jar:5.3.4]
	at org.springframework.aop.framework.ReflectiveMethodInvocation.proceed(ReflectiveMethodInvocation.java:186) ~[spring-aop-5.3.4.jar:5.3.4]
	at org.springframework.aop.framework.CglibAopProxy$CglibMethodInvocation.proceed(CglibAopProxy.java:750) ~[spring-aop-5.3.4.jar:5.3.4]
	at org.springframework.aop.framework.CglibAopProxy$DynamicAdvisedInterceptor.intercept(CglibAopProxy.java:692) ~[spring-aop-5.3.4.jar:5.3.4]
	at com.pal.service.BookingServiceImpl$$EnhancerBySpringCGLIB$$caba30f9.bookDestination(<generated>) ~[classes/:na]
	at com.pal.api.BookingAPI.bookDestination(BookingAPI.java:35) ~[classes/:na]
	at java.base/jdk.internal.reflect.NativeMethodAccessorImpl.invoke0(Native Method) ~[na:na]
	at java.base/jdk.internal.reflect.NativeMethodAccessorImpl.invoke(NativeMethodAccessorImpl.java:62) ~[na:na]
	at java.base/jdk.internal.reflect.DelegatingMethodAccessorImpl.invoke(DelegatingMethodAccessorImpl.java:43) ~[na:na]
	at java.base/java.lang.reflect.Method.invoke(Method.java:564) ~[na:na]
	at org.springframework.web.method.support.InvocableHandlerMethod.doInvoke(InvocableHandlerMethod.java:197) ~[spring-web-5.3.4.jar:5.3.4]
	at org.springframework.web.method.support.InvocableHandlerMethod.invokeForRequest(InvocableHandlerMethod.java:141) ~[spring-web-5.3.4.jar:5.3.4]
	at org.springframework.web.servlet.mvc.method.annotation.ServletInvocableHandlerMethod.invokeAndHandle(ServletInvocableHandlerMethod.java:106) ~[spring-webmvc-5.3.4.jar:5.3.4]
	at org.springframework.web.servlet.mvc.method.annotation.RequestMappingHandlerAdapter.invokeHandlerMethod(RequestMappingHandlerAdapter.java:894) ~[spring-webmvc-5.3.4.jar:5.3.4]
	at org.springframework.web.servlet.mvc.method.annotation.RequestMappingHandlerAdapter.handleInternal(RequestMappingHandlerAdapter.java:808) ~[spring-webmvc-5.3.4.jar:5.3.4]
	at org.springframework.web.servlet.mvc.method.AbstractHandlerMethodAdapter.handle(AbstractHandlerMethodAdapter.java:87) ~[spring-webmvc-5.3.4.jar:5.3.4]
	at org.springframework.web.servlet.DispatcherServlet.doDispatch(DispatcherServlet.java:1060) ~[spring-webmvc-5.3.4.jar:5.3.4]
	at org.springframework.web.servlet.DispatcherServlet.doService(DispatcherServlet.java:962) ~[spring-webmvc-5.3.4.jar:5.3.4]
	at org.springframework.web.servlet.FrameworkServlet.processRequest(FrameworkServlet.java:1006) ~[spring-webmvc-5.3.4.jar:5.3.4]
	at org.springframework.web.servlet.FrameworkServlet.doPost(FrameworkServlet.java:909) ~[spring-webmvc-5.3.4.jar:5.3.4]
	at javax.servlet.http.HttpServlet.service(HttpServlet.java:652) ~[tomcat-embed-core-9.0.43.jar:4.0.FR]
	at org.springframework.web.servlet.FrameworkServlet.service(FrameworkServlet.java:883) ~[spring-webmvc-5.3.4.jar:5.3.4]
	at javax.servlet.http.HttpServlet.service(HttpServlet.java:733) ~[tomcat-embed-core-9.0.43.jar:4.0.FR]
	at org.apache.catalina.core.ApplicationFilterChain.internalDoFilter(ApplicationFilterChain.java:227) ~[tomcat-embed-core-9.0.43.jar:9.0.43]
	at org.apache.catalina.core.ApplicationFilterChain.doFilter(ApplicationFilterChain.java:162) ~[tomcat-embed-core-9.0.43.jar:9.0.43]
	at org.apache.tomcat.websocket.server.WsFilter.doFilter(WsFilter.java:53) ~[tomcat-embed-websocket-9.0.43.jar:9.0.43]
	at org.apache.catalina.core.ApplicationFilterChain.internalDoFilter(ApplicationFilterChain.java:189) ~[tomcat-embed-core-9.0.43.jar:9.0.43]
	at org.apache.catalina.core.ApplicationFilterChain.doFilter(ApplicationFilterChain.java:162) ~[tomcat-embed-core-9.0.43.jar:9.0.43]
	at org.springframework.web.filter.RequestContextFilter.doFilterInternal(RequestContextFilter.java:100) ~[spring-web-5.3.4.jar:5.3.4]
	at org.springframework.web.filter.OncePerRequestFilter.doFilter(OncePerRequestFilter.java:119) ~[spring-web-5.3.4.jar:5.3.4]
	at org.apache.catalina.core.ApplicationFilterChain.internalDoFilter(ApplicationFilterChain.java:189) ~[tomcat-embed-core-9.0.43.jar:9.0.43]
	at org.apache.catalina.core.ApplicationFilterChain.doFilter(ApplicationFilterChain.java:162) ~[tomcat-embed-core-9.0.43.jar:9.0.43]
	at org.springframework.web.filter.FormContentFilter.doFilterInternal(FormContentFilter.java:93) ~[spring-web-5.3.4.jar:5.3.4]
	at org.springframework.web.filter.OncePerRequestFilter.doFilter(OncePerRequestFilter.java:119) ~[spring-web-5.3.4.jar:5.3.4]
	at org.apache.catalina.core.ApplicationFilterChain.internalDoFilter(ApplicationFilterChain.java:189) ~[tomcat-embed-core-9.0.43.jar:9.0.43]
	at org.apache.catalina.core.ApplicationFilterChain.doFilter(ApplicationFilterChain.java:162) ~[tomcat-embed-core-9.0.43.jar:9.0.43]
	at org.springframework.web.filter.CharacterEncodingFilter.doFilterInternal(CharacterEncodingFilter.java:201) ~[spring-web-5.3.4.jar:5.3.4]
	at org.springframework.web.filter.OncePerRequestFilter.doFilter(OncePerRequestFilter.java:119) ~[spring-web-5.3.4.jar:5.3.4]
	at org.apache.catalina.core.ApplicationFilterChain.internalDoFilter(ApplicationFilterChain.java:189) ~[tomcat-embed-core-9.0.43.jar:9.0.43]
	at org.apache.catalina.core.ApplicationFilterChain.doFilter(ApplicationFilterChain.java:162) ~[tomcat-embed-core-9.0.43.jar:9.0.43]
	at org.apache.catalina.core.StandardWrapperValve.invoke(StandardWrapperValve.java:202) ~[tomcat-embed-core-9.0.43.jar:9.0.43]
	at org.apache.catalina.core.StandardContextValve.invoke(StandardContextValve.java:97) ~[tomcat-embed-core-9.0.43.jar:9.0.43]
	at org.apache.catalina.authenticator.AuthenticatorBase.invoke(AuthenticatorBase.java:542) ~[tomcat-embed-core-9.0.43.jar:9.0.43]
	at org.apache.catalina.core.StandardHostValve.invoke(StandardHostValve.java:143) ~[tomcat-embed-core-9.0.43.jar:9.0.43]
	at org.apache.catalina.valves.ErrorReportValve.invoke(ErrorReportValve.java:92) ~[tomcat-embed-core-9.0.43.jar:9.0.43]
	at org.apache.catalina.core.StandardEngineValve.invoke(StandardEngineValve.java:78) ~[tomcat-embed-core-9.0.43.jar:9.0.43]
	at org.apache.catalina.connector.CoyoteAdapter.service(CoyoteAdapter.java:346) ~[tomcat-embed-core-9.0.43.jar:9.0.43]
	at org.apache.coyote.http11.Http11Processor.service(Http11Processor.java:374) ~[tomcat-embed-core-9.0.43.jar:9.0.43]
	at org.apache.coyote.AbstractProcessorLight.process(AbstractProcessorLight.java:65) ~[tomcat-embed-core-9.0.43.jar:9.0.43]
	at org.apache.coyote.AbstractProtocol$ConnectionHandler.process(AbstractProtocol.java:887) ~[tomcat-embed-core-9.0.43.jar:9.0.43]
	at org.apache.tomcat.util.net.NioEndpoint$SocketProcessor.doRun(NioEndpoint.java:1684) ~[tomcat-embed-core-9.0.43.jar:9.0.43]
	at org.apache.tomcat.util.net.SocketProcessorBase.run(SocketProcessorBase.java:49) ~[tomcat-embed-core-9.0.43.jar:9.0.43]
	at java.base/java.util.concurrent.ThreadPoolExecutor.runWorker(ThreadPoolExecutor.java:1130) ~[na:na]
	at java.base/java.util.concurrent.ThreadPoolExecutor$Worker.run(ThreadPoolExecutor.java:630) ~[na:na]
	at org.apache.tomcat.util.threads.TaskThread$WrappingRunnable.run(TaskThread.java:61) ~[tomcat-embed-core-9.0.43.jar:9.0.43]
	at java.base/java.lang.Thread.run(Thread.java:832) ~[na:na]

2021-03-16 23:07:47.000  INFO 1336 --- [restartedMain] com.pal.ToureasyServerApplication        : Starting ToureasyServerApplication using Java 14.0.2 on LAPTOP-93AG26O2 with PID 1336 (D:\java_applications\toureasy_application\toureasy-server\target\classes started by sitab in D:\java_applications\toureasy_application\toureasy-server)
2021-03-16 23:07:47.007  INFO 1336 --- [restartedMain] com.pal.ToureasyServerApplication        : No active profile set, falling back to default profiles: default
2021-03-16 23:07:47.071  INFO 1336 --- [restartedMain] .e.DevToolsPropertyDefaultsPostProcessor : Devtools property defaults active! Set 'spring.devtools.add-properties' to 'false' to disable
2021-03-16 23:07:47.071  INFO 1336 --- [restartedMain] .e.DevToolsPropertyDefaultsPostProcessor : For additional web related logging consider setting the 'logging.level.web' property to 'DEBUG'
2021-03-16 23:07:47.852  INFO 1336 --- [restartedMain] .s.d.r.c.RepositoryConfigurationDelegate : Bootstrapping Spring Data JPA repositories in DEFAULT mode.
2021-03-16 23:07:47.930  INFO 1336 --- [restartedMain] .s.d.r.c.RepositoryConfigurationDelegate : Finished Spring Data repository scanning in 59 ms. Found 5 JPA repository interfaces.
2021-03-16 23:07:48.383  INFO 1336 --- [restartedMain] o.s.b.w.embedded.tomcat.TomcatWebServer  : Tomcat initialized with port(s): 8000 (http)
2021-03-16 23:07:48.399  INFO 1336 --- [restartedMain] o.apache.catalina.core.StandardService   : Starting service [Tomcat]
2021-03-16 23:07:48.399  INFO 1336 --- [restartedMain] org.apache.catalina.core.StandardEngine  : Starting Servlet engine: [Apache Tomcat/9.0.43]
2021-03-16 23:07:48.500  INFO 1336 --- [restartedMain] o.a.c.c.C.[.[.[/Wanderlust_Server]       : Initializing Spring embedded WebApplicationContext
2021-03-16 23:07:48.500  INFO 1336 --- [restartedMain] w.s.c.ServletWebServerApplicationContext : Root WebApplicationContext: initialization completed in 1429 ms
2021-03-16 23:07:48.595  INFO 1336 --- [restartedMain] o.hibernate.jpa.internal.util.LogHelper  : HHH000204: Processing PersistenceUnitInfo [name: default]
2021-03-16 23:07:48.626  INFO 1336 --- [restartedMain] org.hibernate.Version                    : HHH000412: Hibernate ORM core version 5.4.28.Final
2021-03-16 23:07:48.720  INFO 1336 --- [restartedMain] o.hibernate.annotations.common.Version   : HCANN000001: Hibernate Commons Annotations {5.1.2.Final}
2021-03-16 23:07:48.798  INFO 1336 --- [restartedMain] com.zaxxer.hikari.HikariDataSource       : HikariPool-1 - Starting...
2021-03-16 23:07:49.085  INFO 1336 --- [restartedMain] com.zaxxer.hikari.HikariDataSource       : HikariPool-1 - Start completed.
2021-03-16 23:07:49.101  INFO 1336 --- [restartedMain] org.hibernate.dialect.Dialect            : HHH000400: Using dialect: org.hibernate.dialect.MySQL8Dialect
2021-03-16 23:07:49.677  INFO 1336 --- [restartedMain] o.h.e.t.j.p.i.JtaPlatformInitiator       : HHH000490: Using JtaPlatform implementation: [org.hibernate.engine.transaction.jta.platform.internal.NoJtaPlatform]
2021-03-16 23:07:49.692  INFO 1336 --- [restartedMain] j.LocalContainerEntityManagerFactoryBean : Initialized JPA EntityManagerFactory for persistence unit 'default'
2021-03-16 23:07:49.724  INFO 1336 --- [restartedMain] o.s.b.d.a.OptionalLiveReloadServer       : LiveReload server is running on port 35729
2021-03-16 23:07:50.118  WARN 1336 --- [restartedMain] JpaBaseConfiguration$JpaWebConfiguration : spring.jpa.open-in-view is enabled by default. Therefore, database queries may be performed during view rendering. Explicitly configure spring.jpa.open-in-view to disable this warning
2021-03-16 23:07:50.213  INFO 1336 --- [restartedMain] o.s.s.concurrent.ThreadPoolTaskExecutor  : Initializing ExecutorService 'applicationTaskExecutor'
2021-03-16 23:07:50.438  INFO 1336 --- [restartedMain] o.s.b.w.embedded.tomcat.TomcatWebServer  : Tomcat started on port(s): 8000 (http) with context path '/Wanderlust_Server'
2021-03-16 23:07:50.438  INFO 1336 --- [restartedMain] com.pal.ToureasyServerApplication        : Started ToureasyServerApplication in 4.03 seconds (JVM running for 5.307)
2021-03-16 23:08:24.578  INFO 1336 --- [http-nio-8000-exec-1] o.a.c.c.C.[.[.[/Wanderlust_Server]       : Initializing Spring DispatcherServlet 'dispatcherServlet'
2021-03-16 23:08:24.578  INFO 1336 --- [http-nio-8000-exec-1] o.s.web.servlet.DispatcherServlet        : Initializing Servlet 'dispatcherServlet'
2021-03-16 23:08:24.578  INFO 1336 --- [http-nio-8000-exec-1] o.s.web.servlet.DispatcherServlet        : Completed initialization in 0 ms
2021-03-16 23:15:37.182  INFO 11000 --- [restartedMain] com.pal.ToureasyServerApplication        : Starting ToureasyServerApplication using Java 14.0.2 on LAPTOP-93AG26O2 with PID 11000 (D:\java_applications\toureasy_application\toureasy-server\target\classes started by sitab in D:\java_applications\toureasy_application\toureasy-server)
2021-03-16 23:15:37.182  INFO 11000 --- [restartedMain] com.pal.ToureasyServerApplication        : No active profile set, falling back to default profiles: default
2021-03-16 23:15:37.242  INFO 11000 --- [restartedMain] .e.DevToolsPropertyDefaultsPostProcessor : Devtools property defaults active! Set 'spring.devtools.add-properties' to 'false' to disable
2021-03-16 23:15:37.242  INFO 11000 --- [restartedMain] .e.DevToolsPropertyDefaultsPostProcessor : For additional web related logging consider setting the 'logging.level.web' property to 'DEBUG'
2021-03-16 23:15:37.980  INFO 11000 --- [restartedMain] .s.d.r.c.RepositoryConfigurationDelegate : Bootstrapping Spring Data JPA repositories in DEFAULT mode.
2021-03-16 23:15:38.043  INFO 11000 --- [restartedMain] .s.d.r.c.RepositoryConfigurationDelegate : Finished Spring Data repository scanning in 56 ms. Found 5 JPA repository interfaces.
2021-03-16 23:15:38.823  INFO 11000 --- [restartedMain] o.s.b.w.embedded.tomcat.TomcatWebServer  : Tomcat initialized with port(s): 8000 (http)
2021-03-16 23:15:38.831  INFO 11000 --- [restartedMain] o.apache.catalina.core.StandardService   : Starting service [Tomcat]
2021-03-16 23:15:38.831  INFO 11000 --- [restartedMain] org.apache.catalina.core.StandardEngine  : Starting Servlet engine: [Apache Tomcat/9.0.43]
2021-03-16 23:15:38.934  INFO 11000 --- [restartedMain] o.a.c.c.C.[.[.[/Wanderlust_Server]       : Initializing Spring embedded WebApplicationContext
2021-03-16 23:15:38.934  INFO 11000 --- [restartedMain] w.s.c.ServletWebServerApplicationContext : Root WebApplicationContext: initialization completed in 1676 ms
2021-03-16 23:15:39.046  INFO 11000 --- [restartedMain] o.hibernate.jpa.internal.util.LogHelper  : HHH000204: Processing PersistenceUnitInfo [name: default]
2021-03-16 23:15:39.078  INFO 11000 --- [restartedMain] org.hibernate.Version                    : HHH000412: Hibernate ORM core version 5.4.28.Final
2021-03-16 23:15:39.166  INFO 11000 --- [restartedMain] o.hibernate.annotations.common.Version   : HCANN000001: Hibernate Commons Annotations {5.1.2.Final}
2021-03-16 23:15:39.237  INFO 11000 --- [restartedMain] com.zaxxer.hikari.HikariDataSource       : HikariPool-1 - Starting...
2021-03-16 23:15:39.536  INFO 11000 --- [restartedMain] com.zaxxer.hikari.HikariDataSource       : HikariPool-1 - Start completed.
2021-03-16 23:15:39.552  INFO 11000 --- [restartedMain] org.hibernate.dialect.Dialect            : HHH000400: Using dialect: org.hibernate.dialect.MySQL8Dialect
2021-03-16 23:15:40.320  INFO 11000 --- [restartedMain] o.h.e.t.j.p.i.JtaPlatformInitiator       : HHH000490: Using JtaPlatform implementation: [org.hibernate.engine.transaction.jta.platform.internal.NoJtaPlatform]
2021-03-16 23:15:40.328  INFO 11000 --- [restartedMain] j.LocalContainerEntityManagerFactoryBean : Initialized JPA EntityManagerFactory for persistence unit 'default'
2021-03-16 23:15:40.360  INFO 11000 --- [restartedMain] o.s.b.d.a.OptionalLiveReloadServer       : LiveReload server is running on port 35729
2021-03-16 23:15:40.761  WARN 11000 --- [restartedMain] JpaBaseConfiguration$JpaWebConfiguration : spring.jpa.open-in-view is enabled by default. Therefore, database queries may be performed during view rendering. Explicitly configure spring.jpa.open-in-view to disable this warning
2021-03-16 23:15:40.839  INFO 11000 --- [restartedMain] o.s.s.concurrent.ThreadPoolTaskExecutor  : Initializing ExecutorService 'applicationTaskExecutor'
2021-03-16 23:15:41.042  INFO 11000 --- [restartedMain] o.s.b.w.embedded.tomcat.TomcatWebServer  : Tomcat started on port(s): 8000 (http) with context path '/Wanderlust_Server'
2021-03-16 23:15:41.042  INFO 11000 --- [restartedMain] com.pal.ToureasyServerApplication        : Started ToureasyServerApplication in 4.423 seconds (JVM running for 5.636)
